# JRE version: Java(TM) SE Runtime Environment (17.0.9+11) (build 17.0.9+11-LTS-201)
# Java VM: Java HotSpot(TM) 64-Bit Server VM (17.0.9+11-LTS-201, mixed mode, sharing, tiered, compressed oops, compressed class ptrs, g1 gc, windows-amd64)
GC Precious Log:
 CPUs: 16 total, 16 available
 Memory: 15790M
 Large Page Support: Disabled
 NUMA Support: Disabled
 Compressed Oops: Enabled (Zero based)
 Heap Region Size: 2M
 Heap Min Capacity: 8M
 Heap Initial Capacity: 248M
 Heap Max Capacity: 3948M
 Pre-touch: Disabled
 Parallel Workers: 13
 Concurrent Workers: 3
 Concurrent Refinement Workers: 13
 Periodic GC: Disabled
Heap:
 garbage-first heap   total 137216K, used 49727K [0x0000000709400000, 0x0000000800000000)
  region size 2048K, 6 young (12288K), 3 survivors (6144K)
 Metaspace       used 31145K, committed 31616K, reserved 1114112K
  class space    used 3863K, committed 4096K, reserved 1048576K
GC Heap History (20 events):
Event: 3.008 GC heap before
{Heap before GC invocations=2 (full 0):
 garbage-first heap   total 253952K, used 142750K [0x0000000709400000, 0x0000000800000000)
  region size 2048K, 71 young (145408K), 2 survivors (4096K)
 Metaspace       used 21101K, committed 21504K, reserved 1114112K
  class space    used 2662K, committed 2880K, reserved 1048576K
}
Event: 3.023 GC heap after
{Heap after GC invocations=3 (full 0):
 garbage-first heap   total 253952K, used 8781K [0x0000000709400000, 0x0000000800000000)
  region size 2048K, 5 young (10240K), 5 survivors (10240K)
 Metaspace       used 21101K, committed 21504K, reserved 1114112K
  class space    used 2662K, committed 2880K, reserved 1048576K
}
Event: 3.418 GC heap before
{Heap before GC invocations=4 (full 0):
 garbage-first heap   total 40960K, used 31309K [0x0000000709400000, 0x0000000800000000)
  region size 2048K, 17 young (34816K), 5 survivors (10240K)
 Metaspace       used 24510K, committed 24960K, reserved 1114112K
  class space    used 3054K, committed 3264K, reserved 1048576K
}
Event: 3.433 GC heap after
{Heap after GC invocations=5 (full 0):
 garbage-first heap   total 47104K, used 11179K [0x0000000709400000, 0x0000000800000000)
  region size 2048K, 6 young (12288K), 6 survivors (12288K)
 Metaspace       used 24510K, committed 24960K, reserved 1114112K
  class space    used 3054K, committed 3264K, reserved 1048576K
}
Event: 3.588 GC heap before
{Heap before GC invocations=5 (full 0):
 garbage-first heap   total 47104K, used 23467K [0x0000000709400000, 0x0000000800000000)
  region size 2048K, 13 young (26624K), 6 survivors (12288K)
 Metaspace       used 25731K, committed 26176K, reserved 1114112K
  class space    used 3213K, committed 3392K, reserved 1048576K
}
Event: 3.597 GC heap after
{Heap after GC invocations=6 (full 0):
 garbage-first heap   total 47104K, used 11655K [0x0000000709400000, 0x0000000800000000)
  region size 2048K, 2 young (4096K), 2 survivors (4096K)
 Metaspace       used 25731K, committed 26176K, reserved 1114112K
  class space    used 3213K, committed 3392K, reserved 1048576K
}
Event: 3.918 GC heap before
{Heap before GC invocations=6 (full 0):
 garbage-first heap   total 47104K, used 32135K [0x0000000709400000, 0x0000000800000000)
  region size 2048K, 12 young (24576K), 2 survivors (4096K)
 Metaspace       used 27564K, committed 28032K, reserved 1114112K
  class space    used 3443K, committed 3648K, reserved 1048576K
}
Event: 3.924 GC heap after
{Heap after GC invocations=7 (full 0):
 garbage-first heap   total 47104K, used 12775K [0x0000000709400000, 0x0000000800000000)
  region size 2048K, 2 young (4096K), 2 survivors (4096K)
 Metaspace       used 27564K, committed 28032K, reserved 1114112K
  class space    used 3443K, committed 3648K, reserved 1048576K
}
Event: 38.347 GC heap before
{Heap before GC invocations=7 (full 0):
 garbage-first heap   total 47104K, used 29159K [0x0000000709400000, 0x0000000800000000)
  region size 2048K, 11 young (22528K), 2 survivors (4096K)
 Metaspace       used 30647K, committed 31104K, reserved 1114112K
  class space    used 3818K, committed 4032K, reserved 1048576K
}
Event: 38.350 GC heap after
{Heap after GC invocations=8 (full 0):
 garbage-first heap   total 47104K, used 13986K [0x0000000709400000, 0x0000000800000000)
  region size 2048K, 2 young (4096K), 2 survivors (4096K)
 Metaspace       used 30647K, committed 31104K, reserved 1114112K
  class space    used 3818K, committed 4032K, reserved 1048576K
}
Event: 38.603 GC heap before
{Heap before GC invocations=8 (full 0):
 garbage-first heap   total 47104K, used 32418K [0x0000000709400000, 0x0000000800000000)
  region size 2048K, 11 young (22528K), 2 survivors (4096K)
 Metaspace       used 30715K, committed 31232K, reserved 1114112K
  class space    used 3825K, committed 4096K, reserved 1048576K
}
Event: 38.615 GC heap after
{Heap after GC invocations=9 (full 0):
 garbage-first heap   total 49152K, used 24662K [0x0000000709400000, 0x0000000800000000)
  region size 2048K, 2 young (4096K), 2 survivors (4096K)
 Metaspace       used 30715K, committed 31232K, reserved 1114112K
  class space    used 3825K, committed 4096K, reserved 1048576K
}
Event: 38.673 GC heap before
{Heap before GC invocations=9 (full 0):
 garbage-first heap   total 49152K, used 30806K [0x0000000709400000, 0x0000000800000000)
  region size 2048K, 5 young (10240K), 2 survivors (4096K)
 Metaspace       used 30805K, committed 31296K, reserved 1114112K
  class space    used 3830K, committed 4096K, reserved 1048576K
}
Event: 38.676 GC heap after
{Heap after GC invocations=10 (full 0):
 garbage-first heap   total 151552K, used 29049K [0x0000000709400000, 0x0000000800000000)
  region size 2048K, 1 young (2048K), 1 survivors (2048K)
 Metaspace       used 30805K, committed 31296K, reserved 1114112K
  class space    used 3830K, committed 4096K, reserved 1048576K
}
Event: 55.616 GC heap before
{Heap before GC invocations=11 (full 0):
 garbage-first heap   total 137216K, used 67961K [0x0000000709400000, 0x0000000800000000)
  region size 2048K, 21 young (43008K), 1 survivors (2048K)
 Metaspace       used 31093K, committed 31552K, reserved 1114112K
  class space    used 3860K, committed 4096K, reserved 1048576K
}
Event: 55.622 GC heap after
{Heap after GC invocations=12 (full 0):
 garbage-first heap   total 137216K, used 43688K [0x0000000709400000, 0x0000000800000000)
  region size 2048K, 3 young (6144K), 3 survivors (6144K)
 Metaspace       used 31093K, committed 31552K, reserved 1114112K
  class space    used 3860K, committed 4096K, reserved 1048576K
}
Event: 68.995 GC heap before
{Heap before GC invocations=12 (full 0):
 garbage-first heap   total 137216K, used 72360K [0x0000000709400000, 0x0000000800000000)
  region size 2048K, 17 young (34816K), 3 survivors (6144K)
 Metaspace       used 31116K, committed 31616K, reserved 1114112K
  class space    used 3861K, committed 4096K, reserved 1048576K
}
Event: 68.998 GC heap after
{Heap after GC invocations=13 (full 0):
 garbage-first heap   total 137216K, used 46105K [0x0000000709400000, 0x0000000800000000)
  region size 2048K, 3 young (6144K), 3 survivors (6144K)
 Metaspace       used 31116K, committed 31616K, reserved 1114112K
  class space    used 3861K, committed 4096K, reserved 1048576K
}
Event: 77.539 GC heap before
{Heap before GC invocations=13 (full 0):
 garbage-first heap   total 137216K, used 76825K [0x0000000709400000, 0x0000000800000000)
  region size 2048K, 18 young (36864K), 3 survivors (6144K)
 Metaspace       used 31141K, committed 31616K, reserved 1114112K
  class space    used 3862K, committed 4096K, reserved 1048576K
}
Event: 77.540 GC heap after
{Heap after GC invocations=14 (full 0):
 garbage-first heap   total 137216K, used 45631K [0x0000000709400000, 0x0000000800000000)
  region size 2048K, 3 young (6144K), 3 survivors (6144K)
 Metaspace       used 31141K, committed 31616K, reserved 1114112K
  class space    used 3862K, committed 4096K, reserved 1048576K
}

