# JRE version: Java(TM) SE Runtime Environment (17.0.9+11) (build 17.0.9+11-LTS-201)
# Java VM: Java HotSpot(TM) 64-Bit Server VM (17.0.9+11-LTS-201, mixed mode, sharing, tiered, compressed oops, compressed class ptrs, g1 gc, windows-amd64)
GC Precious Log:
 CPUs: 16 total, 16 available
 Memory: 15790M
 Large Page Support: Disabled
 NUMA Support: Disabled
 Compressed Oops: Enabled (Zero based)
 Heap Region Size: 2M
 Heap Min Capacity: 8M
 Heap Initial Capacity: 248M
 Heap Max Capacity: 3948M
 Pre-touch: Disabled
 Parallel Workers: 13
 Concurrent Workers: 3
 Concurrent Refinement Workers: 13
 Periodic GC: Disabled
Heap:
 garbage-first heap   total 137216K, used 73953K [0x0000000709400000, 0x0000000800000000)
  region size 2048K, 17 young (34816K), 3 survivors (6144K)
 Metaspace       used 31836K, committed 32320K, reserved 1114112K
  class space    used 3934K, committed 4160K, reserved 1048576K
GC Heap History (20 events):
Event: 0.911 GC heap before
{Heap before GC invocations=1 (full 0):
 garbage-first heap   total 253952K, used 38995K [0x0000000709400000, 0x0000000800000000)
  region size 2048K, 20 young (40960K), 2 survivors (4096K)
 Metaspace       used 7734K, committed 8000K, reserved 1114112K
  class space    used 945K, committed 1088K, reserved 1048576K
}
Event: 0.914 GC heap after
{Heap after GC invocations=2 (full 0):
 garbage-first heap   total 253952K, used 3486K [0x0000000709400000, 0x0000000800000000)
  region size 2048K, 2 young (4096K), 2 survivors (4096K)
 Metaspace       used 7734K, committed 8000K, reserved 1114112K
  class space    used 945K, committed 1088K, reserved 1048576K
}
Event: 2.396 GC heap before
{Heap before GC invocations=2 (full 0):
 garbage-first heap   total 253952K, used 142750K [0x0000000709400000, 0x0000000800000000)
  region size 2048K, 71 young (145408K), 2 survivors (4096K)
 Metaspace       used 21110K, committed 21504K, reserved 1114112K
  class space    used 2660K, committed 2880K, reserved 1048576K
}
Event: 2.405 GC heap after
{Heap after GC invocations=3 (full 0):
 garbage-first heap   total 253952K, used 8894K [0x0000000709400000, 0x0000000800000000)
  region size 2048K, 5 young (10240K), 5 survivors (10240K)
 Metaspace       used 21110K, committed 21504K, reserved 1114112K
  class space    used 2660K, committed 2880K, reserved 1048576K
}
Event: 2.735 GC heap before
{Heap before GC invocations=4 (full 0):
 garbage-first heap   total 40960K, used 31422K [0x0000000709400000, 0x0000000800000000)
  region size 2048K, 17 young (34816K), 5 survivors (10240K)
 Metaspace       used 24522K, committed 24960K, reserved 1114112K
  class space    used 3051K, committed 3264K, reserved 1048576K
}
Event: 2.748 GC heap after
{Heap after GC invocations=5 (full 0):
 garbage-first heap   total 47104K, used 10709K [0x0000000709400000, 0x0000000800000000)
  region size 2048K, 6 young (12288K), 6 survivors (12288K)
 Metaspace       used 24522K, committed 24960K, reserved 1114112K
  class space    used 3051K, committed 3264K, reserved 1048576K
}
Event: 2.887 GC heap before
{Heap before GC invocations=5 (full 0):
 garbage-first heap   total 47104K, used 25045K [0x0000000709400000, 0x0000000800000000)
  region size 2048K, 13 young (26624K), 6 survivors (12288K)
 Metaspace       used 25733K, committed 26176K, reserved 1114112K
  class space    used 3211K, committed 3392K, reserved 1048576K
}
Event: 2.896 GC heap after
{Heap after GC invocations=6 (full 0):
 garbage-first heap   total 47104K, used 11680K [0x0000000709400000, 0x0000000800000000)
  region size 2048K, 2 young (4096K), 2 survivors (4096K)
 Metaspace       used 25733K, committed 26176K, reserved 1114112K
  class space    used 3211K, committed 3392K, reserved 1048576K
}
Event: 3.184 GC heap before
{Heap before GC invocations=6 (full 0):
 garbage-first heap   total 47104K, used 32160K [0x0000000709400000, 0x0000000800000000)
  region size 2048K, 12 young (24576K), 2 survivors (4096K)
 Metaspace       used 27601K, committed 28032K, reserved 1114112K
  class space    used 3447K, committed 3648K, reserved 1048576K
}
Event: 3.188 GC heap after
{Heap after GC invocations=7 (full 0):
 garbage-first heap   total 47104K, used 13020K [0x0000000709400000, 0x0000000800000000)
  region size 2048K, 2 young (4096K), 2 survivors (4096K)
 Metaspace       used 27601K, committed 28032K, reserved 1114112K
  class space    used 3447K, committed 3648K, reserved 1048576K
}
Event: 27.884 GC heap before
{Heap before GC invocations=7 (full 0):
 garbage-first heap   total 47104K, used 31452K [0x0000000709400000, 0x0000000800000000)
  region size 2048K, 11 young (22528K), 2 survivors (4096K)
 Metaspace       used 30670K, committed 31168K, reserved 1114112K
  class space    used 3816K, committed 4096K, reserved 1048576K
}
Event: 27.887 GC heap after
{Heap after GC invocations=8 (full 0):
 garbage-first heap   total 47104K, used 14249K [0x0000000709400000, 0x0000000800000000)
  region size 2048K, 2 young (4096K), 2 survivors (4096K)
 Metaspace       used 30670K, committed 31168K, reserved 1114112K
  class space    used 3816K, committed 4096K, reserved 1048576K
}
Event: 28.123 GC heap before
{Heap before GC invocations=8 (full 0):
 garbage-first heap   total 47104K, used 32681K [0x0000000709400000, 0x0000000800000000)
  region size 2048K, 11 young (22528K), 2 survivors (4096K)
 Metaspace       used 30738K, committed 31296K, reserved 1114112K
  class space    used 3824K, committed 4096K, reserved 1048576K
}
Event: 28.134 GC heap after
{Heap after GC invocations=9 (full 0):
 garbage-first heap   total 49152K, used 24926K [0x0000000709400000, 0x0000000800000000)
  region size 2048K, 2 young (4096K), 2 survivors (4096K)
 Metaspace       used 30738K, committed 31296K, reserved 1114112K
  class space    used 3824K, committed 4096K, reserved 1048576K
}
Event: 28.190 GC heap before
{Heap before GC invocations=9 (full 0):
 garbage-first heap   total 49152K, used 31070K [0x0000000709400000, 0x0000000800000000)
  region size 2048K, 5 young (10240K), 2 survivors (4096K)
 Metaspace       used 30828K, committed 31360K, reserved 1114112K
  class space    used 3829K, committed 4096K, reserved 1048576K
}
Event: 28.193 GC heap after
{Heap after GC invocations=10 (full 0):
 garbage-first heap   total 151552K, used 28672K [0x0000000709400000, 0x0000000800000000)
  region size 2048K, 1 young (2048K), 1 survivors (2048K)
 Metaspace       used 30828K, committed 31360K, reserved 1114112K
  class space    used 3829K, committed 4096K, reserved 1048576K
}
Event: 37.822 GC heap before
{Heap before GC invocations=11 (full 0):
 garbage-first heap   total 137216K, used 71680K [0x0000000709400000, 0x0000000800000000)
  region size 2048K, 22 young (45056K), 1 survivors (2048K)
 Metaspace       used 31097K, committed 31552K, reserved 1114112K
  class space    used 3855K, committed 4096K, reserved 1048576K
}
Event: 37.828 GC heap after
{Heap after GC invocations=12 (full 0):
 garbage-first heap   total 137216K, used 43302K [0x0000000709400000, 0x0000000800000000)
  region size 2048K, 3 young (6144K), 3 survivors (6144K)
 Metaspace       used 31097K, committed 31552K, reserved 1114112K
  class space    used 3855K, committed 4096K, reserved 1048576K
}
Event: 58.845 GC heap before
{Heap before GC invocations=12 (full 0):
 garbage-first heap   total 137216K, used 76070K [0x0000000709400000, 0x0000000800000000)
  region size 2048K, 18 young (36864K), 3 survivors (6144K)
 Metaspace       used 31802K, committed 32320K, reserved 1114112K
  class space    used 3933K, committed 4160K, reserved 1048576K
}
Event: 58.852 GC heap after
{Heap after GC invocations=13 (full 0):
 garbage-first heap   total 137216K, used 49377K [0x0000000709400000, 0x0000000800000000)
  region size 2048K, 3 young (6144K), 3 survivors (6144K)
 Metaspace       used 31802K, committed 32320K, reserved 1114112K
  class space    used 3933K, committed 4160K, reserved 1048576K
}

